<?xml version="1.0" encoding="UTF-8"?>
<!-- Generated by org.testng.reporters.JUnitXMLReporter -->
<testsuite hostname="somnath-HP-EliteBook-8470p" name="TestNgMavenTest" tests="2" failures="0" timestamp="19 Feb 2019 14:00:01 GMT" time="0.011" errors="0">
  <testcase name="exampleOfTestNgMaven" time="0.002" classname="com.ayantsoft.testng.maven.TestNgMavenExample"/>
  <testcase name="testCase2" time="0.003" classname="com.ayantsoft.testng.maven.TestNgMavenSecondClass"/>
</testsuite> <!-- TestNgMavenTest -->
