<?xml version="1.0" encoding="UTF-8"?>
<!-- Generated by org.testng.reporters.JUnitXMLReporter -->
<testsuite hostname="somnath-HP-EliteBook-8470p" name="TestNgMavenTest" tests="2" failures="0" timestamp="19 Feb 2019 12:36:12 GMT" time="0.039" errors="0">
  <testcase name="exampleOfTestNgMaven" time="0.015" classname="com.javacodegeeks.testng.maven.TestNgMavenExample"/>
  <testcase name="oneMoreTest" time="0.001" classname="com.javacodegeeks.testng.maven.TestNgMavenSecondClass"/>
</testsuite> <!-- TestNgMavenTest -->
