<?xml version="1.0" encoding="UTF-8"?>
<testng-results skipped="0" failed="0" total="2" passed="2">
  <reporter-output>
  </reporter-output>
  <suite name="Default suite" duration-ms="31" started-at="2019-03-12T05:50:07Z" finished-at="2019-03-12T05:50:07Z">
    <groups>
    </groups>
    <test name="Default test" duration-ms="31" started-at="2019-03-12T05:50:07Z" finished-at="2019-03-12T05:50:07Z">
      <class name="com.ayantsoft.testng.maven.EmpTestDetails">
        <test-method status="PASS" signature="testCalculateAppriasal()[pri:0, instance:com.ayantsoft.testng.maven.EmpTestDetails@234bef66]" name="testCalculateAppriasal" duration-ms="0" started-at="2019-03-11T22:50:07Z" finished-at="2019-03-11T22:50:07Z">
          <reporter-output>
          </reporter-output>
        </test-method> <!-- testCalculateAppriasal -->
        <test-method status="PASS" signature="testCalculateYearlySalary()[pri:0, instance:com.ayantsoft.testng.maven.EmpTestDetails@234bef66]" name="testCalculateYearlySalary" duration-ms="0" started-at="2019-03-11T22:50:07Z" finished-at="2019-03-11T22:50:07Z">
          <reporter-output>
          </reporter-output>
        </test-method> <!-- testCalculateYearlySalary -->
      </class> <!-- com.ayantsoft.testng.maven.EmpTestDetails -->
    </test> <!-- Default test -->
  </suite> <!-- Default suite -->
</testng-results>
